<?xml version="1.0"?>
<testsuite name="Chrome Headless 129.0.0.0 (Windows 10)" package="" timestamp="2024-10-04T19:29:04" id="0" hostname="LAPTOP-FGJKNOFD" tests="3" errors="0" failures="0" time="0.123">
  <properties>
    <property name="browser.fullName" value="Mozilla/5.0 (Windows NT 10.0; Win64; x64) AppleWebKit/537.36 (KHTML, like Gecko) HeadlessChrome/129.0.0.0 Safari/537.36"/>
  </properties>
  <testcase name="EmployeeComponent should create" time="0.096" classname="EmployeeComponent"/>
  <testcase name="AddemployeeComponent should create" time="0.019" classname="AddemployeeComponent"/>
  <testcase name="AppComponent should render title" time="0.008" classname="AppComponent"/>
  <system-out>
    <![CDATA[
]]>
  </system-out>
  <system-err/>
</testsuite>